stdio    D         file_stdio.c:110  file_stdio_fopen                 [   0.00000] opening C:\Users\David Coelho Silva\source\repos\Trabalho\x64\Debug\allegro5.cfg r
system   D            wsystem.c:834  maybe_parent_dir                 [   0.00000] Also searching C:\Users\David Coelho Silva\source\repos\Trabalho\x64\
system   D            wsystem.c:889  _al_win_safe_load_library        [   0.00000] PathFindOnPath found: C:\WINDOWS\system32\shcore.dll
system   D            wsystem.c:795  load_library_at_path             [   0.00000] Calling LoadLibrary C:\WINDOWS\system32\shcore.dll
system   I            wsystem.c:798  load_library_at_path             [   0.00000] Loaded C:\WINDOWS\system32\shcore.dll
system   I             system.c:271  al_install_system                [   0.00000] Allegro version: 5.2.8
audio-dsound I           dsound.cpp:275  _dsound_open                     [   0.00051] Starting DirectSound...
audio-dsound D           dsound.cpp:288  _dsound_open                     [   0.04111] DirectSoundCreate8 succeeded
audio-dsound I           dsound.cpp:77   get_window                       [   0.04131] Using desktop window: 0000000000010010
audio    I              audio.c:391  do_install_audio                 [   0.04159] Using DirectSound driver
audio-dsound D           dsound.cpp:322  _dsound_allocate_voice           [   0.04183] Allocating voice
audio-dsound D           dsound.cpp:381  _dsound_allocate_voice           [   0.04197] Allocated voice
dtor     D               dtor.c:196  _al_register_destructor          [   0.04206] added dtor for voice 0000025F05E680E0, func 00007FFDF80C1168
dtor     D               dtor.c:196  _al_register_destructor          [   0.04220] added dtor for mixer 0000025F05E70E10, func 00007FFDF80C147E
audio-dsound D           dsound.cpp:477  _dsound_start_voice              [   0.04233] Starting voice
audio-dsound D           dsound.cpp:505  _dsound_start_voice              [   0.04245] CreateSoundBuffer
audio-dsound D           dsound.cpp:513  _dsound_start_voice              [   0.04406] CreateSoundBuffer succeeded
audio-dsound D           dsound.cpp:519  _dsound_start_voice              [   0.04425] Starting _dsound_update thread
audio-dsound I           dsound.cpp:529  _dsound_start_voice              [   0.04504] Voice started
dtor     D               dtor.c:196  _al_register_destructor          [   0.04519] added dtor for sample_instance 0000025F05E66020, func 00007FFDF80C1226
audio    D          kcm_mixer.c:121  _al_rechannel_matrix             [   0.04543] sample matrix:
audio    D          kcm_mixer.c:127  _al_rechannel_matrix             [   0.04557] 
audio    D          kcm_mixer.c:127  _al_rechannel_matrix             [   0.04567] 
system   D            wsystem.c:834  maybe_parent_dir                 [   0.04600] Also searching C:\Users\David Coelho Silva\source\repos\Trabalho\x64\
system   D            wsystem.c:889  _al_win_safe_load_library        [   0.04638] PathFindOnPath found: C:\WINDOWS\system32\d3d9.dll
system   D            wsystem.c:795  load_library_at_path             [   0.04656] Calling LoadLibrary C:\WINDOWS\system32\d3d9.dll
system   I            wsystem.c:798  load_library_at_path             [   0.05066] Loaded C:\WINDOWS\system32\d3d9.dll
d3d      I         d3d_disp.cpp:679  d3d_init_display                 [   0.13408] Render-to-texture: 1
d3d      I         d3d_disp.cpp:1780 d3d_create_display_locked        [   0.13506] faux_fullscreen=0
d3d      D         d3d_disp.cpp:1781 d3d_create_display_locked        [   0.13525] al_display=0000025F0A9D12E0
d3d      D         d3d_disp.cpp:1782 d3d_create_display_locked        [   0.13533] al_display->vt=0000025F05E96910
d3d      I d3d_display_formats.cpp:144  _al_d3d_generate_display_format_list [   0.14233] found 128 format combinations
display  D   display_settings.c:214  debug_display_settings           [   0.14263] color: 32 (rgba 8880), depth: 0, stencil: 0, acc: 0000, samples: 0/0
display  D   display_settings.c:529  _al_score_display_settings       [   0.14269] Score is : 897
display  D   display_settings.c:214  debug_display_settings           [   0.14278] color: 32 (rgba 8880), depth: 0, stencil: 0, acc: 0000, samples: 0/0
display  D   display_settings.c:529  _al_score_display_settings       [   0.14306] Score is : 897
display  D   display_settings.c:214  debug_display_settings           [   0.14313] color: 32 (rgba 8880), depth: 0, stencil: 0, acc: 0000, samples: 2/1
display  D   display_settings.c:529  _al_score_display_settings       [   0.14322] Score is : 726
display  D   display_settings.c:214  debug_display_settings           [   0.14339] color: 32 (rgba 8880), depth: 0, stencil: 0, acc: 0000, samples: 3/1
display  D   display_settings.c:529  _al_score_display_settings       [   0.14346] Score is : 721
display  D   display_settings.c:214  debug_display_settings           [   0.14355] color: 32 (rgba 8880), depth: 24, stencil: 8, acc: 0000, samples: 0/0
display  D   display_settings.c:529  _al_score_display_settings       [   0.14361] Score is : 897
display  D   display_settings.c:214  debug_display_settings           [   0.14366] color: 32 (rgba 8880), depth: 24, stencil: 8, acc: 0000, samples: 0/0
display  D   display_settings.c:529  _al_score_display_settings       [   0.14371] Score is : 897
display  D   display_settings.c:214  debug_display_settings           [   0.14378] color: 32 (rgba 8880), depth: 24, stencil: 8, acc: 0000, samples: 2/1
display  D   display_settings.c:529  _al_score_display_settings       [   0.14389] Score is : 726
display  D   display_settings.c:214  debug_display_settings           [   0.14397] color: 32 (rgba 8880), depth: 24, stencil: 8, acc: 0000, samples: 3/1
display  D   display_settings.c:529  _al_score_display_settings       [   0.14407] Score is : 721
display  D   display_settings.c:214  debug_display_settings           [   0.14416] color: 32 (rgba 8880), depth: 24, stencil: 0, acc: 0000, samples: 0/0
display  D   display_settings.c:529  _al_score_display_settings       [   0.14426] Score is : 897
display  D   display_settings.c:214  debug_display_settings           [   0.14434] color: 32 (rgba 8880), depth: 24, stencil: 0, acc: 0000, samples: 0/0
display  D   display_settings.c:529  _al_score_display_settings       [   0.14451] Score is : 897
display  D   display_settings.c:214  debug_display_settings           [   0.14461] color: 32 (rgba 8880), depth: 24, stencil: 0, acc: 0000, samples: 2/1
display  D   display_settings.c:529  _al_score_display_settings       [   0.14469] Score is : 726
display  D   display_settings.c:214  debug_display_settings           [   0.14477] color: 32 (rgba 8880), depth: 24, stencil: 0, acc: 0000, samples: 3/1
display  D   display_settings.c:529  _al_score_display_settings       [   0.14484] Score is : 721
display  D   display_settings.c:214  debug_display_settings           [   0.14489] color: 32 (rgba 8880), depth: 16, stencil: 0, acc: 0000, samples: 0/0
display  D   display_settings.c:529  _al_score_display_settings       [   0.14501] Score is : 897
display  D   display_settings.c:214  debug_display_settings           [   0.14509] color: 32 (rgba 8880), depth: 16, stencil: 0, acc: 0000, samples: 0/0
display  D   display_settings.c:529  _al_score_display_settings       [   0.14518] Score is : 897
display  D   display_settings.c:214  debug_display_settings           [   0.14527] color: 32 (rgba 8880), depth: 16, stencil: 0, acc: 0000, samples: 2/1
display  D   display_settings.c:529  _al_score_display_settings       [   0.14535] Score is : 726
display  D   display_settings.c:214  debug_display_settings           [   0.14542] color: 32 (rgba 8880), depth: 16, stencil: 0, acc: 0000, samples: 3/1
display  D   display_settings.c:529  _al_score_display_settings       [   0.14551] Score is : 721
display  D   display_settings.c:214  debug_display_settings           [   0.14560] color: 16 (rgba 5650), depth: 0, stencil: 0, acc: 0000, samples: 0/0
display  D   display_settings.c:529  _al_score_display_settings       [   0.14567] Score is : 897
display  D   display_settings.c:214  debug_display_settings           [   0.14573] color: 16 (rgba 5650), depth: 0, stencil: 0, acc: 0000, samples: 0/0
display  D   display_settings.c:529  _al_score_display_settings       [   0.14586] Score is : 897
display  D   display_settings.c:214  debug_display_settings           [   0.14595] color: 16 (rgba 5650), depth: 0, stencil: 0, acc: 0000, samples: 2/1
display  D   display_settings.c:529  _al_score_display_settings       [   0.14603] Score is : 726
display  D   display_settings.c:214  debug_display_settings           [   0.14611] color: 16 (rgba 5650), depth: 0, stencil: 0, acc: 0000, samples: 3/1
display  D   display_settings.c:529  _al_score_display_settings       [   0.14619] Score is : 721
display  D   display_settings.c:214  debug_display_settings           [   0.14626] color: 16 (rgba 5650), depth: 24, stencil: 8, acc: 0000, samples: 0/0
display  D   display_settings.c:529  _al_score_display_settings       [   0.14634] Score is : 897
display  D   display_settings.c:214  debug_display_settings           [   0.14640] color: 16 (rgba 5650), depth: 24, stencil: 8, acc: 0000, samples: 0/0
display  D   display_settings.c:529  _al_score_display_settings       [   0.14646] Score is : 897
display  D   display_settings.c:214  debug_display_settings           [   0.14651] color: 16 (rgba 5650), depth: 24, stencil: 8, acc: 0000, samples: 2/1
display  D   display_settings.c:529  _al_score_display_settings       [   0.14659] Score is : 726
display  D   display_settings.c:214  debug_display_settings           [   0.14668] color: 16 (rgba 5650), depth: 24, stencil: 8, acc: 0000, samples: 3/1
display  D   display_settings.c:529  _al_score_display_settings       [   0.14674] Score is : 721
display  D   display_settings.c:214  debug_display_settings           [   0.14681] color: 16 (rgba 5650), depth: 24, stencil: 0, acc: 0000, samples: 0/0
display  D   display_settings.c:529  _al_score_display_settings       [   0.14689] Score is : 897
display  D   display_settings.c:214  debug_display_settings           [   0.14697] color: 16 (rgba 5650), depth: 24, stencil: 0, acc: 0000, samples: 0/0
display  D   display_settings.c:529  _al_score_display_settings       [   0.14705] Score is : 897
display  D   display_settings.c:214  debug_display_settings           [   0.14713] color: 16 (rgba 5650), depth: 24, stencil: 0, acc: 0000, samples: 2/1
display  D   display_settings.c:529  _al_score_display_settings       [   0.14719] Score is : 726
display  D   display_settings.c:214  debug_display_settings           [   0.14729] color: 16 (rgba 5650), depth: 24, stencil: 0, acc: 0000, samples: 3/1
display  D   display_settings.c:529  _al_score_display_settings       [   0.14737] Score is : 721
display  D   display_settings.c:214  debug_display_settings           [   0.14745] color: 16 (rgba 5650), depth: 16, stencil: 0, acc: 0000, samples: 0/0
display  D   display_settings.c:529  _al_score_display_settings       [   0.14753] Score is : 897
display  D   display_settings.c:214  debug_display_settings           [   0.14759] color: 16 (rgba 5650), depth: 16, stencil: 0, acc: 0000, samples: 0/0
display  D   display_settings.c:529  _al_score_display_settings       [   0.14767] Score is : 897
display  D   display_settings.c:214  debug_display_settings           [   0.14774] color: 16 (rgba 5650), depth: 16, stencil: 0, acc: 0000, samples: 2/1
display  D   display_settings.c:529  _al_score_display_settings       [   0.14782] Score is : 726
display  D   display_settings.c:214  debug_display_settings           [   0.14789] color: 16 (rgba 5650), depth: 16, stencil: 0, acc: 0000, samples: 3/1
display  D   display_settings.c:529  _al_score_display_settings       [   0.14795] Score is : 721
display  D   display_settings.c:214  debug_display_settings           [   0.14802] color: 32 (rgba 8880), depth: 0, stencil: 0, acc: 0000, samples: 0/0
display  D   display_settings.c:400  _al_score_display_settings       [   0.14810] Single Buffer requirement not met.
display  D   display_settings.c:214  debug_display_settings           [   0.14816] color: 32 (rgba 8880), depth: 0, stencil: 0, acc: 0000, samples: 0/0
display  D   display_settings.c:400  _al_score_display_settings       [   0.14824] Single Buffer requirement not met.
display  D   display_settings.c:214  debug_display_settings           [   0.14832] color: 32 (rgba 8880), depth: 0, stencil: 0, acc: 0000, samples: 2/1
display  D   display_settings.c:400  _al_score_display_settings       [   0.14839] Single Buffer requirement not met.
display  D   display_settings.c:214  debug_display_settings           [   0.14845] color: 32 (rgba 8880), depth: 0, stencil: 0, acc: 0000, samples: 3/1
display  D   display_settings.c:400  _al_score_display_settings       [   0.14851] Single Buffer requirement not met.
display  D   display_settings.c:214  debug_display_settings           [   0.14857] color: 32 (rgba 8880), depth: 24, stencil: 8, acc: 0000, samples: 0/0
display  D   display_settings.c:400  _al_score_display_settings       [   0.14863] Single Buffer requirement not met.
display  D   display_settings.c:214  debug_display_settings           [   0.14868] color: 32 (rgba 8880), depth: 24, stencil: 8, acc: 0000, samples: 0/0
display  D   display_settings.c:400  _al_score_display_settings       [   0.14875] Single Buffer requirement not met.
display  D   display_settings.c:214  debug_display_settings           [   0.14881] color: 32 (rgba 8880), depth: 24, stencil: 8, acc: 0000, samples: 2/1
display  D   display_settings.c:400  _al_score_display_settings       [   0.14886] Single Buffer requirement not met.
display  D   display_settings.c:214  debug_display_settings           [   0.14893] color: 32 (rgba 8880), depth: 24, stencil: 8, acc: 0000, samples: 3/1
display  D   display_settings.c:400  _al_score_display_settings       [   0.14899] Single Buffer requirement not met.
display  D   display_settings.c:214  debug_display_settings           [   0.14904] color: 32 (rgba 8880), depth: 24, stencil: 0, acc: 0000, samples: 0/0
display  D   display_settings.c:400  _al_score_display_settings       [   0.14913] Single Buffer requirement not met.
display  D   display_settings.c:214  debug_display_settings           [   0.14921] color: 32 (rgba 8880), depth: 24, stencil: 0, acc: 0000, samples: 0/0
display  D   display_settings.c:400  _al_score_display_settings       [   0.14930] Single Buffer requirement not met.
display  D   display_settings.c:214  debug_display_settings           [   0.14938] color: 32 (rgba 8880), depth: 24, stencil: 0, acc: 0000, samples: 2/1
display  D   display_settings.c:400  _al_score_display_settings       [   0.14945] Single Buffer requirement not met.
display  D   display_settings.c:214  debug_display_settings           [   0.14951] color: 32 (rgba 8880), depth: 24, stencil: 0, acc: 0000, samples: 3/1
display  D   display_settings.c:400  _al_score_display_settings       [   0.14957] Single Buffer requirement not met.
display  D   display_settings.c:214  debug_display_settings           [   0.14962] color: 32 (rgba 8880), depth: 16, stencil: 0, acc: 0000, samples: 0/0
display  D   display_settings.c:400  _al_score_display_settings       [   0.14968] Single Buffer requirement not met.
display  D   display_settings.c:214  debug_display_settings           [   0.14973] color: 32 (rgba 8880), depth: 16, stencil: 0, acc: 0000, samples: 0/0
display  D   display_settings.c:400  _al_score_display_settings       [   0.14980] Single Buffer requirement not met.
display  D   display_settings.c:214  debug_display_settings           [   0.14987] color: 32 (rgba 8880), depth: 16, stencil: 0, acc: 0000, samples: 2/1
display  D   display_settings.c:400  _al_score_display_settings       [   0.14995] Single Buffer requirement not met.
display  D   display_settings.c:214  debug_display_settings           [   0.15002] color: 32 (rgba 8880), depth: 16, stencil: 0, acc: 0000, samples: 3/1
display  D   display_settings.c:400  _al_score_display_settings       [   0.15009] Single Buffer requirement not met.
display  D   display_settings.c:214  debug_display_settings           [   0.15016] color: 16 (rgba 5650), depth: 0, stencil: 0, acc: 0000, samples: 0/0
display  D   display_settings.c:400  _al_score_display_settings       [   0.15030] Single Buffer requirement not met.
display  D   display_settings.c:214  debug_display_settings           [   0.15038] color: 16 (rgba 5650), depth: 0, stencil: 0, acc: 0000, samples: 0/0
display  D   display_settings.c:400  _al_score_display_settings       [   0.15046] Single Buffer requirement not met.
display  D   display_settings.c:214  debug_display_settings           [   0.15052] color: 16 (rgba 5650), depth: 0, stencil: 0, acc: 0000, samples: 2/1
display  D   display_settings.c:400  _al_score_display_settings       [   0.15060] Single Buffer requirement not met.
display  D   display_settings.c:214  debug_display_settings           [   0.15066] color: 16 (rgba 5650), depth: 0, stencil: 0, acc: 0000, samples: 3/1
display  D   display_settings.c:400  _al_score_display_settings       [   0.15072] Single Buffer requirement not met.
display  D   display_settings.c:214  debug_display_settings           [   0.15077] color: 16 (rgba 5650), depth: 24, stencil: 8, acc: 0000, samples: 0/0
display  D   display_settings.c:400  _al_score_display_settings       [   0.15084] Single Buffer requirement not met.
display  D   display_settings.c:214  debug_display_settings           [   0.15090] color: 16 (rgba 5650), depth: 24, stencil: 8, acc: 0000, samples: 0/0
display  D   display_settings.c:400  _al_score_display_settings       [   0.15096] Single Buffer requirement not met.
display  D   display_settings.c:214  debug_display_settings           [   0.15101] color: 16 (rgba 5650), depth: 24, stencil: 8, acc: 0000, samples: 2/1
display  D   display_settings.c:400  _al_score_display_settings       [   0.15109] Single Buffer requirement not met.
display  D   display_settings.c:214  debug_display_settings           [   0.15117] color: 16 (rgba 5650), depth: 24, stencil: 8, acc: 0000, samples: 3/1
display  D   display_settings.c:400  _al_score_display_settings       [   0.15125] Single Buffer requirement not met.
display  D   display_settings.c:214  debug_display_settings           [   0.15131] color: 16 (rgba 5650), depth: 24, stencil: 0, acc: 0000, samples: 0/0
display  D   display_settings.c:400  _al_score_display_settings       [   0.15138] Single Buffer requirement not met.
display  D   display_settings.c:214  debug_display_settings           [   0.15146] color: 16 (rgba 5650), depth: 24, stencil: 0, acc: 0000, samples: 0/0
display  D   display_settings.c:400  _al_score_display_settings       [   0.15152] Single Buffer requirement not met.
display  D   display_settings.c:214  debug_display_settings           [   0.15158] color: 16 (rgba 5650), depth: 24, stencil: 0, acc: 0000, samples: 2/1
display  D   display_settings.c:400  _al_score_display_settings       [   0.15164] Single Buffer requirement not met.
display  D   display_settings.c:214  debug_display_settings           [   0.15170] color: 16 (rgba 5650), depth: 24, stencil: 0, acc: 0000, samples: 3/1
display  D   display_settings.c:400  _al_score_display_settings       [   0.15177] Single Buffer requirement not met.
display  D   display_settings.c:214  debug_display_settings           [   0.15184] color: 16 (rgba 5650), depth: 16, stencil: 0, acc: 0000, samples: 0/0
display  D   display_settings.c:400  _al_score_display_settings       [   0.15191] Single Buffer requirement not met.
display  D   display_settings.c:214  debug_display_settings           [   0.15197] color: 16 (rgba 5650), depth: 16, stencil: 0, acc: 0000, samples: 0/0
display  D   display_settings.c:400  _al_score_display_settings       [   0.15203] Single Buffer requirement not met.
display  D   display_settings.c:214  debug_display_settings           [   0.15208] color: 16 (rgba 5650), depth: 16, stencil: 0, acc: 0000, samples: 2/1
display  D   display_settings.c:400  _al_score_display_settings       [   0.15213] Single Buffer requirement not met.
display  D   display_settings.c:214  debug_display_settings           [   0.15220] color: 16 (rgba 5650), depth: 16, stencil: 0, acc: 0000, samples: 3/1
display  D   display_settings.c:400  _al_score_display_settings       [   0.15225] Single Buffer requirement not met.
display  D   display_settings.c:214  debug_display_settings           [   0.15231] color: 32 (rgba 8880), depth: 0, stencil: 0, acc: 0000, samples: 0/0
display  D   display_settings.c:529  _al_score_display_settings       [   0.15236] Score is : 769
display  D   display_settings.c:214  debug_display_settings           [   0.15241] color: 32 (rgba 8880), depth: 0, stencil: 0, acc: 0000, samples: 0/0
display  D   display_settings.c:529  _al_score_display_settings       [   0.15246] Score is : 769
display  D   display_settings.c:214  debug_display_settings           [   0.15251] color: 32 (rgba 8880), depth: 0, stencil: 0, acc: 0000, samples: 2/1
display  D   display_settings.c:529  _al_score_display_settings       [   0.15259] Score is : 598
display  D   display_settings.c:214  debug_display_settings           [   0.15268] color: 32 (rgba 8880), depth: 0, stencil: 0, acc: 0000, samples: 3/1
display  D   display_settings.c:529  _al_score_display_settings       [   0.15277] Score is : 593
display  D   display_settings.c:214  debug_display_settings           [   0.15283] color: 32 (rgba 8880), depth: 24, stencil: 8, acc: 0000, samples: 0/0
display  D   display_settings.c:529  _al_score_display_settings       [   0.15289] Score is : 769
display  D   display_settings.c:214  debug_display_settings           [   0.15294] color: 32 (rgba 8880), depth: 24, stencil: 8, acc: 0000, samples: 0/0
display  D   display_settings.c:529  _al_score_display_settings       [   0.15303] Score is : 769
display  D   display_settings.c:214  debug_display_settings           [   0.15309] color: 32 (rgba 8880), depth: 24, stencil: 8, acc: 0000, samples: 2/1
display  D   display_settings.c:529  _al_score_display_settings       [   0.15314] Score is : 598
display  D   display_settings.c:214  debug_display_settings           [   0.15319] color: 32 (rgba 8880), depth: 24, stencil: 8, acc: 0000, samples: 3/1
display  D   display_settings.c:529  _al_score_display_settings       [   0.15324] Score is : 593
display  D   display_settings.c:214  debug_display_settings           [   0.15329] color: 32 (rgba 8880), depth: 24, stencil: 0, acc: 0000, samples: 0/0
display  D   display_settings.c:529  _al_score_display_settings       [   0.15334] Score is : 769
display  D   display_settings.c:214  debug_display_settings           [   0.15342] color: 32 (rgba 8880), depth: 24, stencil: 0, acc: 0000, samples: 0/0
display  D   display_settings.c:529  _al_score_display_settings       [   0.15350] Score is : 769
display  D   display_settings.c:214  debug_display_settings           [   0.15356] color: 32 (rgba 8880), depth: 24, stencil: 0, acc: 0000, samples: 2/1
display  D   display_settings.c:529  _al_score_display_settings       [   0.15362] Score is : 598
display  D   display_settings.c:214  debug_display_settings           [   0.15366] color: 32 (rgba 8880), depth: 24, stencil: 0, acc: 0000, samples: 3/1
display  D   display_settings.c:529  _al_score_display_settings       [   0.15372] Score is : 593
display  D   display_settings.c:214  debug_display_settings           [   0.15376] color: 32 (rgba 8880), depth: 16, stencil: 0, acc: 0000, samples: 0/0
display  D   display_settings.c:529  _al_score_display_settings       [   0.15383] Score is : 769
display  D   display_settings.c:214  debug_display_settings           [   0.15388] color: 32 (rgba 8880), depth: 16, stencil: 0, acc: 0000, samples: 0/0
display  D   display_settings.c:529  _al_score_display_settings       [   0.15396] Score is : 769
display  D   display_settings.c:214  debug_display_settings           [   0.15404] color: 32 (rgba 8880), depth: 16, stencil: 0, acc: 0000, samples: 2/1
display  D   display_settings.c:529  _al_score_display_settings       [   0.15410] Score is : 598
display  D   display_settings.c:214  debug_display_settings           [   0.15416] color: 32 (rgba 8880), depth: 16, stencil: 0, acc: 0000, samples: 3/1
display  D   display_settings.c:529  _al_score_display_settings       [   0.15422] Score is : 593
display  D   display_settings.c:214  debug_display_settings           [   0.15430] color: 16 (rgba 5650), depth: 0, stencil: 0, acc: 0000, samples: 0/0
display  D   display_settings.c:529  _al_score_display_settings       [   0.15436] Score is : 769
display  D   display_settings.c:214  debug_display_settings           [   0.15441] color: 16 (rgba 5650), depth: 0, stencil: 0, acc: 0000, samples: 0/0
display  D   display_settings.c:529  _al_score_display_settings       [   0.15446] Score is : 769
display  D   display_settings.c:214  debug_display_settings           [   0.15451] color: 16 (rgba 5650), depth: 0, stencil: 0, acc: 0000, samples: 2/1
display  D   display_settings.c:529  _al_score_display_settings       [   0.15456] Score is : 598
display  D   display_settings.c:214  debug_display_settings           [   0.15466] color: 16 (rgba 5650), depth: 0, stencil: 0, acc: 0000, samples: 3/1
display  D   display_settings.c:529  _al_score_display_settings       [   0.15475] Score is : 593
display  D   display_settings.c:214  debug_display_settings           [   0.15481] color: 16 (rgba 5650), depth: 24, stencil: 8, acc: 0000, samples: 0/0
display  D   display_settings.c:529  _al_score_display_settings       [   0.15487] Score is : 769
display  D   display_settings.c:214  debug_display_settings           [   0.15493] color: 16 (rgba 5650), depth: 24, stencil: 8, acc: 0000, samples: 0/0
display  D   display_settings.c:529  _al_score_display_settings       [   0.15501] Score is : 769
display  D   display_settings.c:214  debug_display_settings           [   0.15507] color: 16 (rgba 5650), depth: 24, stencil: 8, acc: 0000, samples: 2/1
display  D   display_settings.c:529  _al_score_display_settings       [   0.15512] Score is : 598
display  D   display_settings.c:214  debug_display_settings           [   0.15519] color: 16 (rgba 5650), depth: 24, stencil: 8, acc: 0000, samples: 3/1
display  D   display_settings.c:529  _al_score_display_settings       [   0.15528] Score is : 593
display  D   display_settings.c:214  debug_display_settings           [   0.15533] color: 16 (rgba 5650), depth: 24, stencil: 0, acc: 0000, samples: 0/0
display  D   display_settings.c:529  _al_score_display_settings       [   0.15538] Score is : 769
display  D   display_settings.c:214  debug_display_settings           [   0.15544] color: 16 (rgba 5650), depth: 24, stencil: 0, acc: 0000, samples: 0/0
display  D   display_settings.c:529  _al_score_display_settings       [   0.15549] Score is : 769
display  D   display_settings.c:214  debug_display_settings           [   0.15554] color: 16 (rgba 5650), depth: 24, stencil: 0, acc: 0000, samples: 2/1
display  D   display_settings.c:529  _al_score_display_settings       [   0.15559] Score is : 598
display  D   display_settings.c:214  debug_display_settings           [   0.15564] color: 16 (rgba 5650), depth: 24, stencil: 0, acc: 0000, samples: 3/1
display  D   display_settings.c:529  _al_score_display_settings       [   0.15569] Score is : 593
display  D   display_settings.c:214  debug_display_settings           [   0.15574] color: 16 (rgba 5650), depth: 16, stencil: 0, acc: 0000, samples: 0/0
display  D   display_settings.c:529  _al_score_display_settings       [   0.15579] Score is : 769
display  D   display_settings.c:214  debug_display_settings           [   0.15583] color: 16 (rgba 5650), depth: 16, stencil: 0, acc: 0000, samples: 0/0
display  D   display_settings.c:529  _al_score_display_settings       [   0.15591] Score is : 769
display  D   display_settings.c:214  debug_display_settings           [   0.15598] color: 16 (rgba 5650), depth: 16, stencil: 0, acc: 0000, samples: 2/1
display  D   display_settings.c:529  _al_score_display_settings       [   0.15604] Score is : 598
display  D   display_settings.c:214  debug_display_settings           [   0.15611] color: 16 (rgba 5650), depth: 16, stencil: 0, acc: 0000, samples: 3/1
display  D   display_settings.c:529  _al_score_display_settings       [   0.15619] Score is : 593
display  D   display_settings.c:214  debug_display_settings           [   0.15625] color: 32 (rgba 8880), depth: 0, stencil: 0, acc: 0000, samples: 0/0
display  D   display_settings.c:400  _al_score_display_settings       [   0.15631] Single Buffer requirement not met.
display  D   display_settings.c:214  debug_display_settings           [   0.15636] color: 32 (rgba 8880), depth: 0, stencil: 0, acc: 0000, samples: 0/0
display  D   display_settings.c:400  _al_score_display_settings       [   0.15641] Single Buffer requirement not met.
display  D   display_settings.c:214  debug_display_settings           [   0.15646] color: 32 (rgba 8880), depth: 0, stencil: 0, acc: 0000, samples: 2/1
display  D   display_settings.c:400  _al_score_display_settings       [   0.15652] Single Buffer requirement not met.
display  D   display_settings.c:214  debug_display_settings           [   0.15656] color: 32 (rgba 8880), depth: 0, stencil: 0, acc: 0000, samples: 3/1
display  D   display_settings.c:400  _al_score_display_settings       [   0.15661] Single Buffer requirement not met.
display  D   display_settings.c:214  debug_display_settings           [   0.15668] color: 32 (rgba 8880), depth: 24, stencil: 8, acc: 0000, samples: 0/0
display  D   display_settings.c:400  _al_score_display_settings       [   0.15674] Single Buffer requirement not met.
display  D   display_settings.c:214  debug_display_settings           [   0.15684] color: 32 (rgba 8880), depth: 24, stencil: 8, acc: 0000, samples: 0/0
display  D   display_settings.c:400  _al_score_display_settings       [   0.15692] Single Buffer requirement not met.
display  D   display_settings.c:214  debug_display_settings           [   0.15699] color: 32 (rgba 8880), depth: 24, stencil: 8, acc: 0000, samples: 2/1
display  D   display_settings.c:400  _al_score_display_settings       [   0.15706] Single Buffer requirement not met.
display  D   display_settings.c:214  debug_display_settings           [   0.15714] color: 32 (rgba 8880), depth: 24, stencil: 8, acc: 0000, samples: 3/1
display  D   display_settings.c:400  _al_score_display_settings       [   0.15722] Single Buffer requirement not met.
display  D   display_settings.c:214  debug_display_settings           [   0.15728] color: 32 (rgba 8880), depth: 24, stencil: 0, acc: 0000, samples: 0/0
display  D   display_settings.c:400  _al_score_display_settings       [   0.15735] Single Buffer requirement not met.
display  D   display_settings.c:214  debug_display_settings           [   0.15742] color: 32 (rgba 8880), depth: 24, stencil: 0, acc: 0000, samples: 0/0
display  D   display_settings.c:400  _al_score_display_settings       [   0.15748] Single Buffer requirement not met.
display  D   display_settings.c:214  debug_display_settings           [   0.15753] color: 32 (rgba 8880), depth: 24, stencil: 0, acc: 0000, samples: 2/1
display  D   display_settings.c:400  _al_score_display_settings       [   0.15762] Single Buffer requirement not met.
display  D   display_settings.c:214  debug_display_settings           [   0.15769] color: 32 (rgba 8880), depth: 24, stencil: 0, acc: 0000, samples: 3/1
display  D   display_settings.c:400  _al_score_display_settings       [   0.15774] Single Buffer requirement not met.
display  D   display_settings.c:214  debug_display_settings           [   0.15779] color: 32 (rgba 8880), depth: 16, stencil: 0, acc: 0000, samples: 0/0
display  D   display_settings.c:400  _al_score_display_settings       [   0.15788] Single Buffer requirement not met.
display  D   display_settings.c:214  debug_display_settings           [   0.15794] color: 32 (rgba 8880), depth: 16, stencil: 0, acc: 0000, samples: 0/0
display  D   display_settings.c:400  _al_score_display_settings       [   0.15800] Single Buffer requirement not met.
display  D   display_settings.c:214  debug_display_settings           [   0.15806] color: 32 (rgba 8880), depth: 16, stencil: 0, acc: 0000, samples: 2/1
display  D   display_settings.c:400  _al_score_display_settings       [   0.15812] Single Buffer requirement not met.
display  D   display_settings.c:214  debug_display_settings           [   0.15820] color: 32 (rgba 8880), depth: 16, stencil: 0, acc: 0000, samples: 3/1
display  D   display_settings.c:400  _al_score_display_settings       [   0.15829] Single Buffer requirement not met.
display  D   display_settings.c:214  debug_display_settings           [   0.15836] color: 16 (rgba 5650), depth: 0, stencil: 0, acc: 0000, samples: 0/0
display  D   display_settings.c:400  _al_score_display_settings       [   0.15844] Single Buffer requirement not met.
display  D   display_settings.c:214  debug_display_settings           [   0.15850] color: 16 (rgba 5650), depth: 0, stencil: 0, acc: 0000, samples: 0/0
display  D   display_settings.c:400  _al_score_display_settings       [   0.15858] Single Buffer requirement not met.
display  D   display_settings.c:214  debug_display_settings           [   0.15866] color: 16 (rgba 5650), depth: 0, stencil: 0, acc: 0000, samples: 2/1
display  D   display_settings.c:400  _al_score_display_settings       [   0.15873] Single Buffer requirement not met.
display  D   display_settings.c:214  debug_display_settings           [   0.15880] color: 16 (rgba 5650), depth: 0, stencil: 0, acc: 0000, samples: 3/1
display  D   display_settings.c:400  _al_score_display_settings       [   0.15888] Single Buffer requirement not met.
display  D   display_settings.c:214  debug_display_settings           [   0.15897] color: 16 (rgba 5650), depth: 24, stencil: 8, acc: 0000, samples: 0/0
display  D   display_settings.c:400  _al_score_display_settings       [   0.15904] Single Buffer requirement not met.
display  D   display_settings.c:214  debug_display_settings           [   0.15911] color: 16 (rgba 5650), depth: 24, stencil: 8, acc: 0000, samples: 0/0
display  D   display_settings.c:400  _al_score_display_settings       [   0.15917] Single Buffer requirement not met.
display  D   display_settings.c:214  debug_display_settings           [   0.15923] color: 16 (rgba 5650), depth: 24, stencil: 8, acc: 0000, samples: 2/1
display  D   display_settings.c:400  _al_score_display_settings       [   0.15929] Single Buffer requirement not met.
display  D   display_settings.c:214  debug_display_settings           [   0.15936] color: 16 (rgba 5650), depth: 24, stencil: 8, acc: 0000, samples: 3/1
display  D   display_settings.c:400  _al_score_display_settings       [   0.15943] Single Buffer requirement not met.
display  D   display_settings.c:214  debug_display_settings           [   0.15949] color: 16 (rgba 5650), depth: 24, stencil: 0, acc: 0000, samples: 0/0
display  D   display_settings.c:400  _al_score_display_settings       [   0.15956] Single Buffer requirement not met.
display  D   display_settings.c:214  debug_display_settings           [   0.15964] color: 16 (rgba 5650), depth: 24, stencil: 0, acc: 0000, samples: 0/0
display  D   display_settings.c:400  _al_score_display_settings       [   0.15972] Single Buffer requirement not met.
display  D   display_settings.c:214  debug_display_settings           [   0.15979] color: 16 (rgba 5650), depth: 24, stencil: 0, acc: 0000, samples: 2/1
display  D   display_settings.c:400  _al_score_display_settings       [   0.15986] Single Buffer requirement not met.
display  D   display_settings.c:214  debug_display_settings           [   0.15991] color: 16 (rgba 5650), depth: 24, stencil: 0, acc: 0000, samples: 3/1
display  D   display_settings.c:400  _al_score_display_settings       [   0.15997] Single Buffer requirement not met.
display  D   display_settings.c:214  debug_display_settings           [   0.16005] color: 16 (rgba 5650), depth: 16, stencil: 0, acc: 0000, samples: 0/0
display  D   display_settings.c:400  _al_score_display_settings       [   0.16010] Single Buffer requirement not met.
display  D   display_settings.c:214  debug_display_settings           [   0.16015] color: 16 (rgba 5650), depth: 16, stencil: 0, acc: 0000, samples: 0/0
display  D   display_settings.c:400  _al_score_display_settings       [   0.16020] Single Buffer requirement not met.
display  D   display_settings.c:214  debug_display_settings           [   0.16027] color: 16 (rgba 5650), depth: 16, stencil: 0, acc: 0000, samples: 2/1
display  D   display_settings.c:400  _al_score_display_settings       [   0.16034] Single Buffer requirement not met.
display  D   display_settings.c:214  debug_display_settings           [   0.16040] color: 16 (rgba 5650), depth: 16, stencil: 0, acc: 0000, samples: 3/1
display  D   display_settings.c:400  _al_score_display_settings       [   0.16045] Single Buffer requirement not met.
d3d      D         d3d_disp.cpp:1677 d3d_create_display_internals     [   0.16057] Trying format 0.
d3d      I         d3d_disp.cpp:1353 d3d_display_thread_proc          [   0.16158] Chose a display format: 23
d3d      I         d3d_disp.cpp:1422 d3d_display_thread_proc          [   0.16175] Normal window.
d3d      I         d3d_disp.cpp:786  d3d_create_device                [   0.18892] Using no depth stencil buffer
d3d      D         d3d_disp.cpp:848  d3d_create_device                [   0.21669] BeginScene succeeded in create_device
d3d      D         d3d_disp.cpp:856  d3d_create_device                [   0.21684] Success
d3d      D         d3d_disp.cpp:1703 d3d_create_display_internals     [   0.21698] Resumed after wait.
d3d      I         d3d_disp.cpp:1736 d3d_create_display_internals     [   0.21711] Format 0 succeeded.
d3d      D         d3d_disp.cpp:1767 d3d_create_display_internals     [   0.21725] Returning d3d_display: 0000025F0A9D12E0
d3d      D         d3d_disp.cpp:1792 d3d_create_display_locked        [   0.21734] al_display=0000025F0A9D12E0
d3d      D         d3d_disp.cpp:1793 d3d_create_display_locked        [   0.21743] al_display->vt=0000025F05E96910
system   D            wsystem.c:834  maybe_parent_dir                 [   0.21770] Also searching C:\Users\David Coelho Silva\source\repos\Trabalho\x64\
system   D            wsystem.c:889  _al_win_safe_load_library        [   0.21797] PathFindOnPath found: C:\WINDOWS\system32\d3dx9_43.dll
system   D            wsystem.c:795  load_library_at_path             [   0.21812] Calling LoadLibrary C:\WINDOWS\system32\d3dx9_43.dll
system   I            wsystem.c:798  load_library_at_path             [   0.21959] Loaded C:\WINDOWS\system32\d3dx9_43.dll
d3dx9    I        d3d_d3dx9.cpp:88   _imp_load_d3dx9_module_version   [   0.21980] Module "d3dx9_43.dll" loaded.
dtor     D               dtor.c:196  _al_register_destructor          [   0.22429] added dtor for bitmap 0000025F0F2D6010, func 00007FFDC55F118B
dtor     D               dtor.c:196  _al_register_destructor          [   0.22474] added dtor for bitmap 0000025F0F2D5850, func 00007FFDC55F118B
d3d      D         d3d_disp.cpp:1197 real_choose_bitmap_format        [   0.22650] Fake format
d3d      D         d3d_disp.cpp:1197 real_choose_bitmap_format        [   0.22665] Fake format
d3d      D         d3d_disp.cpp:1197 real_choose_bitmap_format        [   0.22677] Fake format
d3d      D         d3d_disp.cpp:1197 real_choose_bitmap_format        [   0.22683] Fake format
d3d      D         d3d_disp.cpp:1197 real_choose_bitmap_format        [   0.22694] Fake format
d3d      D         d3d_disp.cpp:1197 real_choose_bitmap_format        [   0.22701] Fake format
d3d      D         d3d_disp.cpp:1197 real_choose_bitmap_format        [   0.22710] Fake format
d3d      D         d3d_disp.cpp:1197 real_choose_bitmap_format        [   0.22718] Fake format
d3d      D         d3d_disp.cpp:1197 real_choose_bitmap_format        [   0.22727] Fake format
d3d      D         d3d_disp.cpp:1205 real_choose_bitmap_format        [   0.22736] Alpha doesn't match
d3d      D         d3d_disp.cpp:1212 real_choose_bitmap_format        [   0.22752] Adapter format is 23
d3d      D         d3d_disp.cpp:1215 real_choose_bitmap_format        [   0.22763] Found a format
d3d      I         d3d_disp.cpp:2388 d3d_create_bitmap                [   0.22773] Chose bitmap format 9
dtor     D               dtor.c:196  _al_register_destructor          [   0.22838] added dtor for bitmap 0000025F0F368F60, func 00007FFDC55F118B
dtor     D               dtor.c:196  _al_register_destructor          [   0.22986] added dtor for sub_bitmap 0000025F0F369340, func 00007FFDC55F118B
dtor     D               dtor.c:196  _al_register_destructor          [   0.23006] added dtor for sub_bitmap 0000025F0F369530, func 00007FFDC55F118B
dtor     D               dtor.c:196  _al_register_destructor          [   0.23017] added dtor for sub_bitmap 0000025F0F369720, func 00007FFDC55F118B
dtor     D               dtor.c:196  _al_register_destructor          [   0.23027] added dtor for sub_bitmap 0000025F0F369910, func 00007FFDC55F118B
dtor     D               dtor.c:196  _al_register_destructor          [   0.23038] added dtor for sub_bitmap 0000025F0F369B00, func 00007FFDC55F118B
dtor     D               dtor.c:196  _al_register_destructor          [   0.23048] added dtor for sub_bitmap 0000025F0F36A4B0, func 00007FFDC55F118B
dtor     D               dtor.c:196  _al_register_destructor          [   0.23056] added dtor for sub_bitmap 0000025F0F368D70, func 00007FFDC55F118B
dtor     D               dtor.c:196  _al_register_destructor          [   0.23070] added dtor for sub_bitmap 0000025F0F369CF0, func 00007FFDC55F118B
dtor     D               dtor.c:196  _al_register_destructor          [   0.23080] added dtor for sub_bitmap 0000025F0F369EE0, func 00007FFDC55F118B
dtor     D               dtor.c:196  _al_register_destructor          [   0.23087] added dtor for sub_bitmap 0000025F0F36A0D0, func 00007FFDC55F118B
dtor     D               dtor.c:196  _al_register_destructor          [   0.23098] added dtor for sub_bitmap 0000025F0F36A2C0, func 00007FFDC55F118B
dtor     D               dtor.c:196  _al_register_destructor          [   0.23108] added dtor for sub_bitmap 0000025F0F368990, func 00007FFDC55F118B
dtor     D               dtor.c:196  _al_register_destructor          [   0.23118] added dtor for sub_bitmap 0000025F0F368B80, func 00007FFDC55F118B
dtor     D               dtor.c:196  _al_register_destructor          [   0.23132] added dtor for sub_bitmap 0000025F0F3C2DA0, func 00007FFDC55F118B
dtor     D               dtor.c:196  _al_register_destructor          [   0.23141] added dtor for sub_bitmap 0000025F0F3C1C30, func 00007FFDC55F118B
dtor     D               dtor.c:196  _al_register_destructor          [   0.23151] added dtor for sub_bitmap 0000025F0F3C1660, func 00007FFDC55F118B
dtor     D               dtor.c:196  _al_register_destructor          [   0.23159] added dtor for sub_bitmap 0000025F0F3C2010, func 00007FFDC55F118B
dtor     D               dtor.c:196  _al_register_destructor          [   0.23167] added dtor for sub_bitmap 0000025F0F3C2BB0, func 00007FFDC55F118B
dtor     D               dtor.c:196  _al_register_destructor          [   0.23177] added dtor for sub_bitmap 0000025F0F3C1E20, func 00007FFDC55F118B
dtor     D               dtor.c:196  _al_register_destructor          [   0.23186] added dtor for sub_bitmap 0000025F0F3C27D0, func 00007FFDC55F118B
dtor     D               dtor.c:196  _al_register_destructor          [   0.23196] added dtor for sub_bitmap 0000025F0F3C23F0, func 00007FFDC55F118B
dtor     D               dtor.c:196  _al_register_destructor          [   0.23204] added dtor for sub_bitmap 0000025F0F3C25E0, func 00007FFDC55F118B
dtor     D               dtor.c:196  _al_register_destructor          [   0.23213] added dtor for sub_bitmap 0000025F0F3C2F90, func 00007FFDC55F118B
dtor     D               dtor.c:196  _al_register_destructor          [   0.23221] added dtor for sub_bitmap 0000025F0F3C2200, func 00007FFDC55F118B
dtor     D               dtor.c:196  _al_register_destructor          [   0.23230] added dtor for sub_bitmap 0000025F0F3C1850, func 00007FFDC55F118B
dtor     D               dtor.c:196  _al_register_destructor          [   0.23238] added dtor for sub_bitmap 0000025F0F3C3180, func 00007FFDC55F118B
dtor     D               dtor.c:196  _al_register_destructor          [   0.23248] added dtor for sub_bitmap 0000025F0F3C1A40, func 00007FFDC55F118B
dtor     D               dtor.c:196  _al_register_destructor          [   0.23260] added dtor for sub_bitmap 0000025F0F3C29C0, func 00007FFDC55F118B
dtor     D               dtor.c:196  _al_register_destructor          [   0.23269] added dtor for sub_bitmap 0000025F0F3C1470, func 00007FFDC55F118B
dtor     D               dtor.c:196  _al_register_destructor          [   0.23277] added dtor for sub_bitmap 0000025F0F3C6690, func 00007FFDC55F118B
dtor     D               dtor.c:196  _al_register_destructor          [   0.23284] added dtor for sub_bitmap 0000025F0F3C7040, func 00007FFDC55F118B
dtor     D               dtor.c:196  _al_register_destructor          [   0.23294] added dtor for sub_bitmap 0000025F0F3C7DD0, func 00007FFDC55F118B
dtor     D               dtor.c:196  _al_register_destructor          [   0.23304] added dtor for sub_bitmap 0000025F0F3C64A0, func 00007FFDC55F118B
dtor     D               dtor.c:196  _al_register_destructor          [   0.23312] added dtor for sub_bitmap 0000025F0F3C7FC0, func 00007FFDC55F118B
dtor     D               dtor.c:196  _al_register_destructor          [   0.23320] added dtor for sub_bitmap 0000025F0F3C7230, func 00007FFDC55F118B
dtor     D               dtor.c:196  _al_register_destructor          [   0.23331] added dtor for sub_bitmap 0000025F0F3C79F0, func 00007FFDC55F118B
dtor     D               dtor.c:196  _al_register_destructor          [   0.23339] added dtor for sub_bitmap 0000025F0F3C81B0, func 00007FFDC55F118B
dtor     D               dtor.c:196  _al_register_destructor          [   0.23347] added dtor for sub_bitmap 0000025F0F3C7420, func 00007FFDC55F118B
dtor     D               dtor.c:196  _al_register_destructor          [   0.23353] added dtor for sub_bitmap 0000025F0F3C7800, func 00007FFDC55F118B
dtor     D               dtor.c:196  _al_register_destructor          [   0.23359] added dtor for sub_bitmap 0000025F0F3C7610, func 00007FFDC55F118B
dtor     D               dtor.c:196  _al_register_destructor          [   0.23368] added dtor for sub_bitmap 0000025F0F3C6880, func 00007FFDC55F118B
dtor     D               dtor.c:196  _al_register_destructor          [   0.23379] added dtor for sub_bitmap 0000025F0F3C7BE0, func 00007FFDC55F118B
dtor     D               dtor.c:196  _al_register_destructor          [   0.23389] added dtor for sub_bitmap 0000025F0F3C6A70, func 00007FFDC55F118B
dtor     D               dtor.c:196  _al_register_destructor          [   0.23398] added dtor for sub_bitmap 0000025F0F3C6C60, func 00007FFDC55F118B
dtor     D               dtor.c:196  _al_register_destructor          [   0.23405] added dtor for sub_bitmap 0000025F0F3C6E50, func 00007FFDC55F118B
dtor     D               dtor.c:196  _al_register_destructor          [   0.23415] added dtor for sub_bitmap 0000025F0F3C9240, func 00007FFDC55F118B
dtor     D               dtor.c:196  _al_register_destructor          [   0.23423] added dtor for sub_bitmap 0000025F0F3C8E60, func 00007FFDC55F118B
dtor     D               dtor.c:196  _al_register_destructor          [   0.23433] added dtor for sub_bitmap 0000025F0F3C9DE0, func 00007FFDC55F118B
dtor     D               dtor.c:196  _al_register_destructor          [   0.23442] added dtor for sub_bitmap 0000025F0F3C9FD0, func 00007FFDC55F118B
dtor     D               dtor.c:196  _al_register_destructor          [   0.23451] added dtor for sub_bitmap 0000025F0F3C9050, func 00007FFDC55F118B
dtor     D               dtor.c:196  _al_register_destructor          [   0.23461] added dtor for sub_bitmap 0000025F0F3C8A80, func 00007FFDC55F118B
dtor     D               dtor.c:196  _al_register_destructor          [   0.23469] added dtor for sub_bitmap 0000025F0F3C84B0, func 00007FFDC55F118B
dtor     D               dtor.c:196  _al_register_destructor          [   0.23474] added dtor for sub_bitmap 0000025F0F3C9430, func 00007FFDC55F118B
dtor     D               dtor.c:196  _al_register_destructor          [   0.23483] added dtor for sub_bitmap 0000025F0F3C86A0, func 00007FFDC55F118B
dtor     D               dtor.c:196  _al_register_destructor          [   0.23492] added dtor for sub_bitmap 0000025F0F3C8890, func 00007FFDC55F118B
dtor     D               dtor.c:196  _al_register_destructor          [   0.23503] added dtor for sub_bitmap 0000025F0F3C9620, func 00007FFDC55F118B
dtor     D               dtor.c:196  _al_register_destructor          [   0.23512] added dtor for sub_bitmap 0000025F0F3C9810, func 00007FFDC55F118B
dtor     D               dtor.c:196  _al_register_destructor          [   0.23521] added dtor for sub_bitmap 0000025F0F3C9A00, func 00007FFDC55F118B
dtor     D               dtor.c:196  _al_register_destructor          [   0.23530] added dtor for sub_bitmap 0000025F0F3C8C70, func 00007FFDC55F118B
dtor     D               dtor.c:196  _al_register_destructor          [   0.23538] added dtor for sub_bitmap 0000025F0F3CA1C0, func 00007FFDC55F118B
dtor     D               dtor.c:196  _al_register_destructor          [   0.23547] added dtor for sub_bitmap 0000025F0F3C9BF0, func 00007FFDC55F118B
dtor     D               dtor.c:196  _al_register_destructor          [   0.23558] added dtor for sub_bitmap 0000025F0F3CC260, func 00007FFDC55F118B
dtor     D               dtor.c:196  _al_register_destructor          [   0.23569] added dtor for sub_bitmap 0000025F0F3CCE00, func 00007FFDC55F118B
dtor     D               dtor.c:196  _al_register_destructor          [   0.23579] added dtor for sub_bitmap 0000025F0F3CB4D0, func 00007FFDC55F118B
dtor     D               dtor.c:196  _al_register_destructor          [   0.23592] added dtor for sub_bitmap 0000025F0F3CC640, func 00007FFDC55F118B
dtor     D               dtor.c:196  _al_register_destructor          [   0.23602] added dtor for sub_bitmap 0000025F0F3CCFF0, func 00007FFDC55F118B
dtor     D               dtor.c:196  _al_register_destructor          [   0.23611] added dtor for sub_bitmap 0000025F0F3CD1E0, func 00007FFDC55F118B
dtor     D               dtor.c:196  _al_register_destructor          [   0.23620] added dtor for sub_bitmap 0000025F0F3CB6C0, func 00007FFDC55F118B
dtor     D               dtor.c:196  _al_register_destructor          [   0.23629] added dtor for sub_bitmap 0000025F0F3CC070, func 00007FFDC55F118B
dtor     D               dtor.c:196  _al_register_destructor          [   0.23640] added dtor for sub_bitmap 0000025F0F3CC450, func 00007FFDC55F118B
dtor     D               dtor.c:196  _al_register_destructor          [   0.23651] added dtor for sub_bitmap 0000025F0F3CC830, func 00007FFDC55F118B
dtor     D               dtor.c:196  _al_register_destructor          [   0.23659] added dtor for sub_bitmap 0000025F0F3CB8B0, func 00007FFDC55F118B
dtor     D               dtor.c:196  _al_register_destructor          [   0.23668] added dtor for sub_bitmap 0000025F0F3CBAA0, func 00007FFDC55F118B
dtor     D               dtor.c:196  _al_register_destructor          [   0.23676] added dtor for sub_bitmap 0000025F0F3CBE80, func 00007FFDC55F118B
dtor     D               dtor.c:196  _al_register_destructor          [   0.23688] added dtor for sub_bitmap 0000025F0F3CBC90, func 00007FFDC55F118B
dtor     D               dtor.c:196  _al_register_destructor          [   0.23697] added dtor for sub_bitmap 0000025F0F3CCA20, func 00007FFDC55F118B
dtor     D               dtor.c:196  _al_register_destructor          [   0.23706] added dtor for sub_bitmap 0000025F0F3CCC10, func 00007FFDC55F118B
dtor     D               dtor.c:196  _al_register_destructor          [   0.23716] added dtor for sub_bitmap 0000025F0F3CEC20, func 00007FFDC55F118B
dtor     D               dtor.c:196  _al_register_destructor          [   0.23725] added dtor for sub_bitmap 0000025F0F3CF1F0, func 00007FFDC55F118B
dtor     D               dtor.c:196  _al_register_destructor          [   0.23734] added dtor for sub_bitmap 0000025F0F3CE460, func 00007FFDC55F118B
dtor     D               dtor.c:196  _al_register_destructor          [   0.23743] added dtor for sub_bitmap 0000025F0F3CDCA0, func 00007FFDC55F118B
dtor     D               dtor.c:196  _al_register_destructor          [   0.23751] added dtor for sub_bitmap 0000025F0F3CEE10, func 00007FFDC55F118B
dtor     D               dtor.c:196  _al_register_destructor          [   0.23760] added dtor for sub_bitmap 0000025F0F3CD4E0, func 00007FFDC55F118B
dtor     D               dtor.c:196  _al_register_destructor          [   0.23769] added dtor for sub_bitmap 0000025F0F3CD6D0, func 00007FFDC55F118B
dtor     D               dtor.c:196  _al_register_destructor          [   0.23779] added dtor for sub_bitmap 0000025F0F3CDE90, func 00007FFDC55F118B
dtor     D               dtor.c:196  _al_register_destructor          [   0.23788] added dtor for sub_bitmap 0000025F0F3CE650, func 00007FFDC55F118B
dtor     D               dtor.c:196  _al_register_destructor          [   0.23798] added dtor for sub_bitmap 0000025F0F3CD8C0, func 00007FFDC55F118B
dtor     D               dtor.c:196  _al_register_destructor          [   0.23808] added dtor for sub_bitmap 0000025F0F3CE840, func 00007FFDC55F118B
dtor     D               dtor.c:196  _al_register_destructor          [   0.23821] added dtor for sub_bitmap 0000025F0F3CE080, func 00007FFDC55F118B
dtor     D               dtor.c:196  _al_register_destructor          [   0.23831] added dtor for sub_bitmap 0000025F0F3CE270, func 00007FFDC55F118B
dtor     D               dtor.c:196  _al_register_destructor          [   0.23841] added dtor for sub_bitmap 0000025F0F3CEA30, func 00007FFDC55F118B
dtor     D               dtor.c:196  _al_register_destructor          [   0.23850] added dtor for sub_bitmap 0000025F0F3CDAB0, func 00007FFDC55F118B
dtor     D               dtor.c:196  _al_register_destructor          [   0.23860] added dtor for sub_bitmap 0000025F0F3CF000, func 00007FFDC55F118B
dtor     D               dtor.c:196  _al_register_destructor          [   0.23869] added dtor for sub_bitmap 0000025F0F3D3020, func 00007FFDC55F118B
dtor     D               dtor.c:196  _al_register_destructor          [   0.23879] added dtor for sub_bitmap 0000025F0F3D2A50, func 00007FFDC55F118B
dtor     D               dtor.c:196  _al_register_destructor          [   0.23887] added dtor for sub_bitmap 0000025F0F3D1CC0, func 00007FFDC55F118B
dtor     D               dtor.c:196  _al_register_destructor          [   0.23897] added dtor for sub_bitmap 0000025F0F3D2290, func 00007FFDC55F118B
dtor     D               dtor.c:196  _al_register_destructor          [   0.23904] added dtor for sub_bitmap 0000025F0F3D2C40, func 00007FFDC55F118B
dtor     D               dtor.c:196  _al_register_destructor          [   0.23910] added dtor for sub_bitmap 0000025F0F3D2480, func 00007FFDC55F118B
dtor     D               dtor.c:196  _al_register_destructor          [   0.23918] added dtor for sub_bitmap 0000025F0F3D1AD0, func 00007FFDC55F118B
dtor     D               dtor.c:196  _al_register_destructor          [   0.23926] added dtor for sub_bitmap 0000025F0F3D1EB0, func 00007FFDC55F118B
dtor     D               dtor.c:196  _al_register_destructor          [   0.23934] added dtor for sub_bitmap 0000025F0F3D20A0, func 00007FFDC55F118B
dtor     D               dtor.c:196  _al_register_destructor          [   0.23942] added dtor for sub_bitmap 0000025F0F3D2670, func 00007FFDC55F118B
dtor     D               dtor.c:196  _al_register_destructor          [   0.23949] added dtor for sub_bitmap 0000025F0F3D2E30, func 00007FFDC55F118B
dtor     D               dtor.c:196  _al_register_destructor          [   0.23957] added dtor for sub_bitmap 0000025F0F3D2860, func 00007FFDC55F118B
dtor     D               dtor.c:196  _al_register_destructor          [   0.23971] added dtor for sub_bitmap 0000025F0F3D1500, func 00007FFDC55F118B
dtor     D               dtor.c:196  _al_register_destructor          [   0.23982] added dtor for sub_bitmap 0000025F0F3D3210, func 00007FFDC55F118B
dtor     D               dtor.c:196  _al_register_destructor          [   0.23990] added dtor for sub_bitmap 0000025F0F3D16F0, func 00007FFDC55F118B
dtor     D               dtor.c:196  _al_register_destructor          [   0.23999] added dtor for sub_bitmap 0000025F0F3D18E0, func 00007FFDC55F118B
dtor     D               dtor.c:196  _al_register_destructor          [   0.24011] added dtor for sub_bitmap 0000025F0F3D7780, func 00007FFDC55F118B
dtor     D               dtor.c:196  _al_register_destructor          [   0.24021] added dtor for sub_bitmap 0000025F0F3D6BE0, func 00007FFDC55F118B
dtor     D               dtor.c:196  _al_register_destructor          [   0.24030] added dtor for sub_bitmap 0000025F0F3D6DD0, func 00007FFDC55F118B
dtor     D               dtor.c:196  _al_register_destructor          [   0.24039] added dtor for sub_bitmap 0000025F0F3D6040, func 00007FFDC55F118B
dtor     D               dtor.c:196  _al_register_destructor          [   0.24047] added dtor for sub_bitmap 0000025F0F3D6230, func 00007FFDC55F118B
dtor     D               dtor.c:196  _al_register_destructor          [   0.24055] added dtor for sub_bitmap 0000025F0F3D6420, func 00007FFDC55F118B
dtor     D               dtor.c:196  _al_register_destructor          [   0.24062] added dtor for sub_bitmap 0000025F0F3D6800, func 00007FFDC55F118B
dtor     D               dtor.c:196  _al_register_destructor          [   0.24072] added dtor for sub_bitmap 0000025F0F3D69F0, func 00007FFDC55F118B
dtor     D               dtor.c:196  _al_register_destructor          [   0.24082] added dtor for sub_bitmap 0000025F0F3D73A0, func 00007FFDC55F118B
dtor     D               dtor.c:196  _al_register_destructor          [   0.24090] added dtor for sub_bitmap 0000025F0F3D6FC0, func 00007FFDC55F118B
dtor     D               dtor.c:196  _al_register_destructor          [   0.24099] added dtor for sub_bitmap 0000025F0F3D5E50, func 00007FFDC55F118B
dtor     D               dtor.c:196  _al_register_destructor          [   0.24109] added dtor for sub_bitmap 0000025F0F3D6610, func 00007FFDC55F118B
dtor     D               dtor.c:196  _al_register_destructor          [   0.24118] added dtor for sub_bitmap 0000025F0F3D71B0, func 00007FFDC55F118B
dtor     D               dtor.c:196  _al_register_destructor          [   0.24127] added dtor for sub_bitmap 0000025F0F3D7590, func 00007FFDC55F118B
dtor     D               dtor.c:196  _al_register_destructor          [   0.24135] added dtor for sub_bitmap 0000025F0F3D7970, func 00007FFDC55F118B
dtor     D               dtor.c:196  _al_register_destructor          [   0.24143] added dtor for sub_bitmap 0000025F0F3D5C60, func 00007FFDC55F118B
dtor     D               dtor.c:196  _al_register_destructor          [   0.24156] added dtor for sub_bitmap 0000025F0F3D8BF0, func 00007FFDC55F118B
dtor     D               dtor.c:196  _al_register_destructor          [   0.24165] added dtor for sub_bitmap 0000025F0F3DAED0, func 00007FFDC55F118B
dtor     D               dtor.c:196  _al_register_destructor          [   0.24177] added dtor for sub_bitmap 0000025F0F3D8A00, func 00007FFDC55F118B
dtor     D               dtor.c:196  _al_register_destructor          [   0.24186] added dtor for sub_bitmap 0000025F0F3D9D60, func 00007FFDC55F118B
dtor     D               dtor.c:196  _al_register_destructor          [   0.24194] added dtor for sub_bitmap 0000025F0F3D8810, func 00007FFDC55F118B
dtor     D               dtor.c:196  _al_register_destructor          [   0.24202] added dtor for sub_bitmap 0000025F0F3DB4A0, func 00007FFDC55F118B
dtor     D               dtor.c:196  _al_register_destructor          [   0.24210] added dtor for sub_bitmap 0000025F0F3D8FD0, func 00007FFDC55F118B
dtor     D               dtor.c:196  _al_register_destructor          [   0.24220] added dtor for sub_bitmap 0000025F0F3D93B0, func 00007FFDC55F118B
dtor     D               dtor.c:196  _al_register_destructor          [   0.24229] added dtor for sub_bitmap 0000025F0F3DA330, func 00007FFDC55F118B
dtor     D               dtor.c:196  _al_register_destructor          [   0.24236] added dtor for sub_bitmap 0000025F0F3DA520, func 00007FFDC55F118B
dtor     D               dtor.c:196  _al_register_destructor          [   0.24245] added dtor for sub_bitmap 0000025F0F3D91C0, func 00007FFDC55F118B
dtor     D               dtor.c:196  _al_register_destructor          [   0.24254] added dtor for sub_bitmap 0000025F0F3DA140, func 00007FFDC55F118B
dtor     D               dtor.c:196  _al_register_destructor          [   0.24263] added dtor for sub_bitmap 0000025F0F3D7C70, func 00007FFDC55F118B
dtor     D               dtor.c:196  _al_register_destructor          [   0.24271] added dtor for sub_bitmap 0000025F0F3DAAF0, func 00007FFDC55F118B
dtor     D               dtor.c:196  _al_register_destructor          [   0.24280] added dtor for sub_bitmap 0000025F0F3D9F50, func 00007FFDC55F118B
dtor     D               dtor.c:196  _al_register_destructor          [   0.24289] added dtor for sub_bitmap 0000025F0F3DACE0, func 00007FFDC55F118B
dtor     D               dtor.c:196  _al_register_destructor          [   0.24297] added dtor for sub_bitmap 0000025F0F3D8DE0, func 00007FFDC55F118B
dtor     D               dtor.c:196  _al_register_destructor          [   0.24305] added dtor for sub_bitmap 0000025F0F3D7E60, func 00007FFDC55F118B
dtor     D               dtor.c:196  _al_register_destructor          [   0.24314] added dtor for sub_bitmap 0000025F0F3D9B70, func 00007FFDC55F118B
dtor     D               dtor.c:196  _al_register_destructor          [   0.24325] added dtor for sub_bitmap 0000025F0F3D8620, func 00007FFDC55F118B
dtor     D               dtor.c:196  _al_register_destructor          [   0.24334] added dtor for sub_bitmap 0000025F0F3DA710, func 00007FFDC55F118B
dtor     D               dtor.c:196  _al_register_destructor          [   0.24343] added dtor for sub_bitmap 0000025F0F3DA900, func 00007FFDC55F118B
dtor     D               dtor.c:196  _al_register_destructor          [   0.24353] added dtor for sub_bitmap 0000025F0F3DB690, func 00007FFDC55F118B
dtor     D               dtor.c:196  _al_register_destructor          [   0.24361] added dtor for sub_bitmap 0000025F0F3D8240, func 00007FFDC55F118B
dtor     D               dtor.c:196  _al_register_destructor          [   0.24367] added dtor for sub_bitmap 0000025F0F3DB0C0, func 00007FFDC55F118B
dtor     D               dtor.c:196  _al_register_destructor          [   0.24376] added dtor for sub_bitmap 0000025F0F3DB2B0, func 00007FFDC55F118B
dtor     D               dtor.c:196  _al_register_destructor          [   0.24385] added dtor for sub_bitmap 0000025F0F3DB880, func 00007FFDC55F118B
dtor     D               dtor.c:196  _al_register_destructor          [   0.24396] added dtor for sub_bitmap 0000025F0F3D95A0, func 00007FFDC55F118B
dtor     D               dtor.c:196  _al_register_destructor          [   0.24406] added dtor for sub_bitmap 0000025F0F3D9790, func 00007FFDC55F118B
dtor     D               dtor.c:196  _al_register_destructor          [   0.24416] added dtor for sub_bitmap 0000025F0F3D9980, func 00007FFDC55F118B
dtor     D               dtor.c:196  _al_register_destructor          [   0.24426] added dtor for sub_bitmap 0000025F0F3D8050, func 00007FFDC55F118B
dtor     D               dtor.c:196  _al_register_destructor          [   0.24435] added dtor for sub_bitmap 0000025F0F3D8430, func 00007FFDC55F118B
dtor     D               dtor.c:196  _al_register_destructor          [   0.24447] added dtor for sub_bitmap 0000025F0F3DDF60, func 00007FFDC55F118B
dtor     D               dtor.c:196  _al_register_destructor          [   0.24456] added dtor for sub_bitmap 0000025F0F3DF0D0, func 00007FFDC55F118B
dtor     D               dtor.c:196  _al_register_destructor          [   0.24465] added dtor for sub_bitmap 0000025F0F3DDD70, func 00007FFDC55F118B
dtor     D               dtor.c:196  _al_register_destructor          [   0.24474] added dtor for sub_bitmap 0000025F0F3DE150, func 00007FFDC55F118B
dtor     D               dtor.c:196  _al_register_destructor          [   0.24483] added dtor for sub_bitmap 0000025F0F3DE530, func 00007FFDC55F118B
dtor     D               dtor.c:196  _al_register_destructor          [   0.24492] added dtor for sub_bitmap 0000025F0F3DF890, func 00007FFDC55F118B
dtor     D               dtor.c:196  _al_register_destructor          [   0.24502] added dtor for sub_bitmap 0000025F0F3DE340, func 00007FFDC55F118B
dtor     D               dtor.c:196  _al_register_destructor          [   0.24511] added dtor for sub_bitmap 0000025F0F3DBC80, func 00007FFDC55F118B
dtor     D               dtor.c:196  _al_register_destructor          [   0.24518] added dtor for sub_bitmap 0000025F0F3DEB00, func 00007FFDC55F118B
dtor     D               dtor.c:196  _al_register_destructor          [   0.24527] added dtor for sub_bitmap 0000025F0F3DE720, func 00007FFDC55F118B
dtor     D               dtor.c:196  _al_register_destructor          [   0.24535] added dtor for sub_bitmap 0000025F0F3DECF0, func 00007FFDC55F118B
dtor     D               dtor.c:196  _al_register_destructor          [   0.24543] added dtor for sub_bitmap 0000025F0F3DCC00, func 00007FFDC55F118B
dtor     D               dtor.c:196  _al_register_destructor          [   0.24551] added dtor for sub_bitmap 0000025F0F3DBE70, func 00007FFDC55F118B
dtor     D               dtor.c:196  _al_register_destructor          [   0.24559] added dtor for sub_bitmap 0000025F0F3DDB80, func 00007FFDC55F118B
dtor     D               dtor.c:196  _al_register_destructor          [   0.24567] added dtor for sub_bitmap 0000025F0F3DD990, func 00007FFDC55F118B
dtor     D               dtor.c:196  _al_register_destructor          [   0.24575] added dtor for sub_bitmap 0000025F0F3DEEE0, func 00007FFDC55F118B
dtor     D               dtor.c:196  _al_register_destructor          [   0.24583] added dtor for sub_bitmap 0000025F0F3DC060, func 00007FFDC55F118B
dtor     D               dtor.c:196  _al_register_destructor          [   0.24591] added dtor for sub_bitmap 0000025F0F3DCFE0, func 00007FFDC55F118B
dtor     D               dtor.c:196  _al_register_destructor          [   0.24599] added dtor for sub_bitmap 0000025F0F3DC630, func 00007FFDC55F118B
dtor     D               dtor.c:196  _al_register_destructor          [   0.24608] added dtor for sub_bitmap 0000025F0F3DC250, func 00007FFDC55F118B
dtor     D               dtor.c:196  _al_register_destructor          [   0.24617] added dtor for sub_bitmap 0000025F0F3DD7A0, func 00007FFDC55F118B
dtor     D               dtor.c:196  _al_register_destructor          [   0.24626] added dtor for sub_bitmap 0000025F0F3DC440, func 00007FFDC55F118B
dtor     D               dtor.c:196  _al_register_destructor          [   0.24635] added dtor for sub_bitmap 0000025F0F3DD5B0, func 00007FFDC55F118B
dtor     D               dtor.c:196  _al_register_destructor          [   0.24644] added dtor for sub_bitmap 0000025F0F3DC820, func 00007FFDC55F118B
dtor     D               dtor.c:196  _al_register_destructor          [   0.24655] added dtor for sub_bitmap 0000025F0F3DCA10, func 00007FFDC55F118B
dtor     D               dtor.c:196  _al_register_destructor          [   0.24663] added dtor for sub_bitmap 0000025F0F3DF2C0, func 00007FFDC55F118B
dtor     D               dtor.c:196  _al_register_destructor          [   0.24669] added dtor for sub_bitmap 0000025F0F3DD1D0, func 00007FFDC55F118B
dtor     D               dtor.c:196  _al_register_destructor          [   0.24678] added dtor for sub_bitmap 0000025F0F3DF4B0, func 00007FFDC55F118B
dtor     D               dtor.c:196  _al_register_destructor          [   0.24686] added dtor for sub_bitmap 0000025F0F3DE910, func 00007FFDC55F118B
dtor     D               dtor.c:196  _al_register_destructor          [   0.24694] added dtor for sub_bitmap 0000025F0F3DF6A0, func 00007FFDC55F118B
dtor     D               dtor.c:196  _al_register_destructor          [   0.24705] added dtor for sub_bitmap 0000025F0F3DCDF0, func 00007FFDC55F118B
dtor     D               dtor.c:196  _al_register_destructor          [   0.24711] added dtor for sub_bitmap 0000025F0F3DD3C0, func 00007FFDC55F118B
dtor     D               dtor.c:196  _al_register_destructor          [   0.24719] added dtor for sub_bitmap 0000025F0F3E56C0, func 00007FFDC55F118B
dtor     D               dtor.c:196  _al_register_destructor          [   0.24729] added dtor for sub_bitmap 0000025F0F3E2E10, func 00007FFDC55F118B
dtor     D               dtor.c:196  _al_register_destructor          [   0.24740] added dtor for sub_bitmap 0000025F0F3E35D0, func 00007FFDC55F118B
dtor     D               dtor.c:196  _al_register_destructor          [   0.24751] added dtor for sub_bitmap 0000025F0F3E3000, func 00007FFDC55F118B
dtor     D               dtor.c:196  _al_register_destructor          [   0.24760] added dtor for sub_bitmap 0000025F0F3E4D10, func 00007FFDC55F118B
dtor     D               dtor.c:196  _al_register_destructor          [   0.24770] added dtor for sub_bitmap 0000025F0F3E37C0, func 00007FFDC55F118B
dtor     D               dtor.c:196  _al_register_destructor          [   0.24779] added dtor for sub_bitmap 0000025F0F3E58B0, func 00007FFDC55F118B
dtor     D               dtor.c:196  _al_register_destructor          [   0.24796] added dtor for sub_bitmap 0000025F0F3E1CA0, func 00007FFDC55F118B
dtor     D               dtor.c:196  _al_register_destructor          [   0.24805] added dtor for sub_bitmap 0000025F0F3E1E90, func 00007FFDC55F118B
dtor     D               dtor.c:196  _al_register_destructor          [   0.24814] added dtor for sub_bitmap 0000025F0F3E52E0, func 00007FFDC55F118B
dtor     D               dtor.c:196  _al_register_destructor          [   0.24822] added dtor for sub_bitmap 0000025F0F3E31F0, func 00007FFDC55F118B
dtor     D               dtor.c:196  _al_register_destructor          [   0.24831] added dtor for sub_bitmap 0000025F0F3E2460, func 00007FFDC55F118B
dtor     D               dtor.c:196  _al_register_destructor          [   0.24838] added dtor for sub_bitmap 0000025F0F3E39B0, func 00007FFDC55F118B
dtor     D               dtor.c:196  _al_register_destructor          [   0.24844] added dtor for sub_bitmap 0000025F0F3E54D0, func 00007FFDC55F118B
dtor     D               dtor.c:196  _al_register_destructor          [   0.24852] added dtor for sub_bitmap 0000025F0F3E33E0, func 00007FFDC55F118B
dtor     D               dtor.c:196  _al_register_destructor          [   0.24861] added dtor for sub_bitmap 0000025F0F3E2080, func 00007FFDC55F118B
dtor     D               dtor.c:196  _al_register_destructor          [   0.24870] added dtor for sub_bitmap 0000025F0F3E3BA0, func 00007FFDC55F118B
dtor     D               dtor.c:196  _al_register_destructor          [   0.24878] added dtor for sub_bitmap 0000025F0F3E4360, func 00007FFDC55F118B
dtor     D               dtor.c:196  _al_register_destructor          [   0.24885] added dtor for sub_bitmap 0000025F0F3E2C20, func 00007FFDC55F118B
dtor     D               dtor.c:196  _al_register_destructor          [   0.24890] added dtor for sub_bitmap 0000025F0F3E2270, func 00007FFDC55F118B
dtor     D               dtor.c:196  _al_register_destructor          [   0.24899] added dtor for sub_bitmap 0000025F0F3E3D90, func 00007FFDC55F118B
dtor     D               dtor.c:196  _al_register_destructor          [   0.24908] added dtor for sub_bitmap 0000025F0F3E3F80, func 00007FFDC55F118B
dtor     D               dtor.c:196  _al_register_destructor          [   0.24918] added dtor for sub_bitmap 0000025F0F3E4F00, func 00007FFDC55F118B
dtor     D               dtor.c:196  _al_register_destructor          [   0.24927] added dtor for sub_bitmap 0000025F0F3E50F0, func 00007FFDC55F118B
dtor     D               dtor.c:196  _al_register_destructor          [   0.24936] added dtor for sub_bitmap 0000025F0F3E2650, func 00007FFDC55F118B
dtor     D               dtor.c:196  _al_register_destructor          [   0.24944] added dtor for sub_bitmap 0000025F0F3E2840, func 00007FFDC55F118B
dtor     D               dtor.c:196  _al_register_destructor          [   0.24951] added dtor for sub_bitmap 0000025F0F3E2A30, func 00007FFDC55F118B
dtor     D               dtor.c:196  _al_register_destructor          [   0.24957] added dtor for sub_bitmap 0000025F0F3E4170, func 00007FFDC55F118B
dtor     D               dtor.c:196  _al_register_destructor          [   0.24963] added dtor for sub_bitmap 0000025F0F3E4550, func 00007FFDC55F118B
dtor     D               dtor.c:196  _al_register_destructor          [   0.24973] added dtor for sub_bitmap 0000025F0F3E4740, func 00007FFDC55F118B
dtor     D               dtor.c:196  _al_register_destructor          [   0.24983] added dtor for sub_bitmap 0000025F0F3E4930, func 00007FFDC55F118B
dtor     D               dtor.c:196  _al_register_destructor          [   0.24992] added dtor for sub_bitmap 0000025F0F3E4B20, func 00007FFDC55F118B
dtor     D               dtor.c:196  _al_register_destructor          [   0.25003] added dtor for sub_bitmap 0000025F0F3E9C20, func 00007FFDC55F118B
dtor     D               dtor.c:196  _al_register_destructor          [   0.25013] added dtor for sub_bitmap 0000025F0F3EA3E0, func 00007FFDC55F118B
dtor     D               dtor.c:196  _al_register_destructor          [   0.25021] added dtor for sub_bitmap 0000025F0F3E88C0, func 00007FFDC55F118B
dtor     D               dtor.c:196  _al_register_destructor          [   0.25030] added dtor for sub_bitmap 0000025F0F3E86D0, func 00007FFDC55F118B
dtor     D               dtor.c:196  _al_register_destructor          [   0.25037] added dtor for sub_bitmap 0000025F0F3E9270, func 00007FFDC55F118B
dtor     D               dtor.c:196  _al_register_destructor          [   0.25042] added dtor for sub_bitmap 0000025F0F3EAD90, func 00007FFDC55F118B
dtor     D               dtor.c:196  _al_register_destructor          [   0.25051] added dtor for sub_bitmap 0000025F0F3E9080, func 00007FFDC55F118B
dtor     D               dtor.c:196  _al_register_destructor          [   0.25059] added dtor for sub_bitmap 0000025F0F3E9460, func 00007FFDC55F118B
dtor     D               dtor.c:196  _al_register_destructor          [   0.25067] added dtor for sub_bitmap 0000025F0F3EB930, func 00007FFDC55F118B
dtor     D               dtor.c:196  _al_register_destructor          [   0.25076] added dtor for sub_bitmap 0000025F0F3E9E10, func 00007FFDC55F118B
dtor     D               dtor.c:196  _al_register_destructor          [   0.25085] added dtor for sub_bitmap 0000025F0F3E8E90, func 00007FFDC55F118B
dtor     D               dtor.c:196  _al_register_destructor          [   0.25093] added dtor for sub_bitmap 0000025F0F3EAF80, func 00007FFDC55F118B
dtor     D               dtor.c:196  _al_register_destructor          [   0.25101] added dtor for sub_bitmap 0000025F0F3E9650, func 00007FFDC55F118B
dtor     D               dtor.c:196  _al_register_destructor          [   0.25109] added dtor for sub_bitmap 0000025F0F3EB170, func 00007FFDC55F118B
dtor     D               dtor.c:196  _al_register_destructor          [   0.25118] added dtor for sub_bitmap 0000025F0F3E9840, func 00007FFDC55F118B
dtor     D               dtor.c:196  _al_register_destructor          [   0.25127] added dtor for sub_bitmap 0000025F0F3E8CA0, func 00007FFDC55F118B
dtor     D               dtor.c:196  _al_register_destructor          [   0.25135] added dtor for sub_bitmap 0000025F0F3EA5D0, func 00007FFDC55F118B
dtor     D               dtor.c:196  _al_register_destructor          [   0.25143] added dtor for sub_bitmap 0000025F0F3E8AB0, func 00007FFDC55F118B
dtor     D               dtor.c:196  _al_register_destructor          [   0.25150] added dtor for sub_bitmap 0000025F0F3E9A30, func 00007FFDC55F118B
dtor     D               dtor.c:196  _al_register_destructor          [   0.25157] added dtor for sub_bitmap 0000025F0F3EBD10, func 00007FFDC55F118B
dtor     D               dtor.c:196  _al_register_destructor          [   0.25165] added dtor for sub_bitmap 0000025F0F3EA000, func 00007FFDC55F118B
dtor     D               dtor.c:196  _al_register_destructor          [   0.25172] added dtor for sub_bitmap 0000025F0F3E8100, func 00007FFDC55F118B
dtor     D               dtor.c:196  _al_register_destructor          [   0.25180] added dtor for sub_bitmap 0000025F0F3EB360, func 00007FFDC55F118B
dtor     D               dtor.c:196  _al_register_destructor          [   0.25188] added dtor for sub_bitmap 0000025F0F3EABA0, func 00007FFDC55F118B
dtor     D               dtor.c:196  _al_register_destructor          [   0.25196] added dtor for sub_bitmap 0000025F0F3EA1F0, func 00007FFDC55F118B
dtor     D               dtor.c:196  _al_register_destructor          [   0.25205] added dtor for sub_bitmap 0000025F0F3E82F0, func 00007FFDC55F118B
dtor     D               dtor.c:196  _al_register_destructor          [   0.25215] added dtor for sub_bitmap 0000025F0F3EA7C0, func 00007FFDC55F118B
dtor     D               dtor.c:196  _al_register_destructor          [   0.25221] added dtor for sub_bitmap 0000025F0F3EA9B0, func 00007FFDC55F118B
dtor     D               dtor.c:196  _al_register_destructor          [   0.25229] added dtor for sub_bitmap 0000025F0F3EB550, func 00007FFDC55F118B
dtor     D               dtor.c:196  _al_register_destructor          [   0.25237] added dtor for sub_bitmap 0000025F0F3E84E0, func 00007FFDC55F118B
dtor     D               dtor.c:196  _al_register_destructor          [   0.25243] added dtor for sub_bitmap 0000025F0F3EB740, func 00007FFDC55F118B
dtor     D               dtor.c:196  _al_register_destructor          [   0.25249] added dtor for sub_bitmap 0000025F0F3EBB20, func 00007FFDC55F118B
dtor     D               dtor.c:196  _al_register_destructor          [   0.25260] added dtor for sub_bitmap 0000025F0F3F1B40, func 00007FFDC55F118B
dtor     D               dtor.c:196  _al_register_destructor          [   0.25267] added dtor for sub_bitmap 0000025F0F3F0020, func 00007FFDC55F118B
dtor     D               dtor.c:196  _al_register_destructor          [   0.25276] added dtor for sub_bitmap 0000025F0F3F5180, func 00007FFDC55F118B
dtor     D               dtor.c:196  _al_register_destructor          [   0.25282] added dtor for sub_bitmap 0000025F0F3F1D30, func 00007FFDC55F118B
dtor     D               dtor.c:196  _al_register_destructor          [   0.25290] added dtor for sub_bitmap 0000025F0F3EFE30, func 00007FFDC55F118B
dtor     D               dtor.c:196  _al_register_destructor          [   0.25299] added dtor for sub_bitmap 0000025F0F3F3A40, func 00007FFDC55F118B
dtor     D               dtor.c:196  _al_register_destructor          [   0.25308] added dtor for sub_bitmap 0000025F0F3F4DA0, func 00007FFDC55F118B
dtor     D               dtor.c:196  _al_register_destructor          [   0.25316] added dtor for sub_bitmap 0000025F0F3F28D0, func 00007FFDC55F118B
dtor     D               dtor.c:196  _al_register_destructor          [   0.25325] added dtor for sub_bitmap 0000025F0F3EF670, func 00007FFDC55F118B
dtor     D               dtor.c:196  _al_register_destructor          [   0.25334] added dtor for sub_bitmap 0000025F0F3F4BB0, func 00007FFDC55F118B
dtor     D               dtor.c:196  _al_register_destructor          [   0.25344] added dtor for sub_bitmap 0000025F0F3F3660, func 00007FFDC55F118B
dtor     D               dtor.c:196  _al_register_destructor          [   0.25354] added dtor for sub_bitmap 0000025F0F3F5370, func 00007FFDC55F118B
dtor     D               dtor.c:196  _al_register_destructor          [   0.25363] added dtor for sub_bitmap 0000025F0F3EF860, func 00007FFDC55F118B
dtor     D               dtor.c:196  _al_register_destructor          [   0.25374] added dtor for sub_bitmap 0000025F0F3F5750, func 00007FFDC55F118B
dtor     D               dtor.c:196  _al_register_destructor          [   0.25385] added dtor for sub_bitmap 0000025F0F3F3470, func 00007FFDC55F118B
dtor     D               dtor.c:196  _al_register_destructor          [   0.25394] added dtor for sub_bitmap 0000025F0F3F05F0, func 00007FFDC55F118B
dtor     D               dtor.c:196  _al_register_destructor          [   0.25402] added dtor for sub_bitmap 0000025F0F3EE8E0, func 00007FFDC55F118B
dtor     D               dtor.c:196  _al_register_destructor          [   0.25410] added dtor for sub_bitmap 0000025F0F3F3850, func 00007FFDC55F118B
dtor     D               dtor.c:196  _al_register_destructor          [   0.25419] added dtor for sub_bitmap 0000025F0F3F1760, func 00007FFDC55F118B
dtor     D               dtor.c:196  _al_register_destructor          [   0.25429] added dtor for sub_bitmap 0000025F0F3F5560, func 00007FFDC55F118B
dtor     D               dtor.c:196  _al_register_destructor          [   0.25439] added dtor for sub_bitmap 0000025F0F3F5940, func 00007FFDC55F118B
dtor     D               dtor.c:196  _al_register_destructor          [   0.25447] added dtor for sub_bitmap 0000025F0F3F4F90, func 00007FFDC55F118B
dtor     D               dtor.c:196  _al_register_destructor          [   0.25455] added dtor for sub_bitmap 0000025F0F3F3C30, func 00007FFDC55F118B
dtor     D               dtor.c:196  _al_register_destructor          [   0.25464] added dtor for sub_bitmap 0000025F0F3EEEB0, func 00007FFDC55F118B
dtor     D               dtor.c:196  _al_register_destructor          [   0.25471] added dtor for sub_bitmap 0000025F0F3F26E0, func 00007FFDC55F118B
dtor     D               dtor.c:196  _al_register_destructor          [   0.25479] added dtor for sub_bitmap 0000025F0F3F3E20, func 00007FFDC55F118B
dtor     D               dtor.c:196  _al_register_destructor          [   0.25487] added dtor for sub_bitmap 0000025F0F3EF290, func 00007FFDC55F118B
dtor     D               dtor.c:196  _al_register_destructor          [   0.25495] added dtor for sub_bitmap 0000025F0F3F5B30, func 00007FFDC55F118B
dtor     D               dtor.c:196  _al_register_destructor          [   0.25502] added dtor for sub_bitmap 0000025F0F3EF480, func 00007FFDC55F118B
dtor     D               dtor.c:196  _al_register_destructor          [   0.25510] added dtor for sub_bitmap 0000025F0F3F24F0, func 00007FFDC55F118B
dtor     D               dtor.c:196  _al_register_destructor          [   0.25517] added dtor for sub_bitmap 0000025F0F3F2AC0, func 00007FFDC55F118B
dtor     D               dtor.c:196  _al_register_destructor          [   0.25529] added dtor for sub_bitmap 0000025F0F3EFC40, func 00007FFDC55F118B
dtor     D               dtor.c:196  _al_register_destructor          [   0.25539] added dtor for sub_bitmap 0000025F0F3F43F0, func 00007FFDC55F118B
dtor     D               dtor.c:196  _al_register_destructor          [   0.25548] added dtor for sub_bitmap 0000025F0F3EFA50, func 00007FFDC55F118B
dtor     D               dtor.c:196  _al_register_destructor          [   0.25557] added dtor for sub_bitmap 0000025F0F3F2CB0, func 00007FFDC55F118B
dtor     D               dtor.c:196  _al_register_destructor          [   0.25565] added dtor for sub_bitmap 0000025F0F3F45E0, func 00007FFDC55F118B
dtor     D               dtor.c:196  _al_register_destructor          [   0.25572] added dtor for sub_bitmap 0000025F0F3EF0A0, func 00007FFDC55F118B
dtor     D               dtor.c:196  _al_register_destructor          [   0.25581] added dtor for sub_bitmap 0000025F0F3F47D0, func 00007FFDC55F118B
dtor     D               dtor.c:196  _al_register_destructor          [   0.25588] added dtor for sub_bitmap 0000025F0F3F1380, func 00007FFDC55F118B
dtor     D               dtor.c:196  _al_register_destructor          [   0.25597] added dtor for sub_bitmap 0000025F0F3EE120, func 00007FFDC55F118B
dtor     D               dtor.c:196  _al_register_destructor          [   0.25606] added dtor for sub_bitmap 0000025F0F3F49C0, func 00007FFDC55F118B
dtor     D               dtor.c:196  _al_register_destructor          [   0.25614] added dtor for sub_bitmap 0000025F0F3F0DB0, func 00007FFDC55F118B
dtor     D               dtor.c:196  _al_register_destructor          [   0.25623] added dtor for sub_bitmap 0000025F0F3F3280, func 00007FFDC55F118B
dtor     D               dtor.c:196  _al_register_destructor          [   0.25632] added dtor for sub_bitmap 0000025F0F3EE310, func 00007FFDC55F118B
dtor     D               dtor.c:196  _al_register_destructor          [   0.25641] added dtor for sub_bitmap 0000025F0F3EE500, func 00007FFDC55F118B
dtor     D               dtor.c:196  _al_register_destructor          [   0.25649] added dtor for sub_bitmap 0000025F0F3EE6F0, func 00007FFDC55F118B
dtor     D               dtor.c:196  _al_register_destructor          [   0.25658] added dtor for sub_bitmap 0000025F0F3F0400, func 00007FFDC55F118B
dtor     D               dtor.c:196  _al_register_destructor          [   0.25667] added dtor for sub_bitmap 0000025F0F3EEAD0, func 00007FFDC55F118B
dtor     D               dtor.c:196  _al_register_destructor          [   0.25675] added dtor for sub_bitmap 0000025F0F3F1570, func 00007FFDC55F118B
dtor     D               dtor.c:196  _al_register_destructor          [   0.25680] added dtor for sub_bitmap 0000025F0F3EECC0, func 00007FFDC55F118B
dtor     D               dtor.c:196  _al_register_destructor          [   0.25688] added dtor for sub_bitmap 0000025F0F3F0210, func 00007FFDC55F118B
dtor     D               dtor.c:196  _al_register_destructor          [   0.25697] added dtor for sub_bitmap 0000025F0F3F07E0, func 00007FFDC55F118B
dtor     D               dtor.c:196  _al_register_destructor          [   0.25706] added dtor for sub_bitmap 0000025F0F3F2EA0, func 00007FFDC55F118B
dtor     D               dtor.c:196  _al_register_destructor          [   0.25715] added dtor for sub_bitmap 0000025F0F3F3090, func 00007FFDC55F118B
dtor     D               dtor.c:196  _al_register_destructor          [   0.25723] added dtor for sub_bitmap 0000025F0F3F09D0, func 00007FFDC55F118B
dtor     D               dtor.c:196  _al_register_destructor          [   0.25731] added dtor for sub_bitmap 0000025F0F3F0BC0, func 00007FFDC55F118B
dtor     D               dtor.c:196  _al_register_destructor          [   0.25740] added dtor for sub_bitmap 0000025F0F3F0FA0, func 00007FFDC55F118B
dtor     D               dtor.c:196  _al_register_destructor          [   0.25748] added dtor for sub_bitmap 0000025F0F3F4010, func 00007FFDC55F118B
dtor     D               dtor.c:196  _al_register_destructor          [   0.25757] added dtor for sub_bitmap 0000025F0F3F1190, func 00007FFDC55F118B
dtor     D               dtor.c:196  _al_register_destructor          [   0.25766] added dtor for sub_bitmap 0000025F0F3F1950, func 00007FFDC55F118B
dtor     D               dtor.c:196  _al_register_destructor          [   0.25774] added dtor for sub_bitmap 0000025F0F3F1F20, func 00007FFDC55F118B
dtor     D               dtor.c:196  _al_register_destructor          [   0.25782] added dtor for sub_bitmap 0000025F0F3F2110, func 00007FFDC55F118B
dtor     D               dtor.c:196  _al_register_destructor          [   0.25791] added dtor for sub_bitmap 0000025F0F3F2300, func 00007FFDC55F118B
dtor     D               dtor.c:196  _al_register_destructor          [   0.25800] added dtor for sub_bitmap 0000025F0F3F4200, func 00007FFDC55F118B
dtor     D               dtor.c:196  _al_register_destructor          [   0.25809] added dtor for sub_bitmap 0000025F0F3F5D20, func 00007FFDC55F118B
dtor     D               dtor.c:196  _al_register_destructor          [   0.25820] added dtor for sub_bitmap 0000025F0F3FB2C0, func 00007FFDC55F118B
dtor     D               dtor.c:196  _al_register_destructor          [   0.25829] added dtor for sub_bitmap 0000025F0F3FB4B0, func 00007FFDC55F118B
dtor     D               dtor.c:227  _al_unregister_destructor        [   0.25840] removed dtor for bitmap 0000025F0F2D5850
dtor     D               dtor.c:196  _al_register_destructor          [   0.25850] added dtor for font 0000025F0F30EB10, func 00007FFE0C02128F
dtor     D               dtor.c:227  _al_unregister_destructor        [   0.25859] removed dtor for bitmap 0000025F0F2D6010
dtor     D               dtor.c:196  _al_register_destructor          [   0.25870] added dtor for timer 0000025F0F329EB0, func 00007FFDC55F1050
dtor     D               dtor.c:196  _al_register_destructor          [   0.25881] added dtor for queue 0000025F0F3A8820, func 00007FFDC55F1C30
dtor     D               dtor.c:196  _al_register_destructor          [   0.26368] added dtor for sample_instance 0000025F0F402110, func 00007FFDF80C1226
audio    D          kcm_mixer.c:121  _al_rechannel_matrix             [   0.26387] sample matrix:
audio    D          kcm_mixer.c:127  _al_rechannel_matrix             [   0.26403] 
audio    D          kcm_mixer.c:127  _al_rechannel_matrix             [   0.26417] 
dtor     D               dtor.c:196  _al_register_destructor          [   0.26428] added dtor for sample_instance 0000025F0F402EF0, func 00007FFDF80C1226
audio    D          kcm_mixer.c:121  _al_rechannel_matrix             [   0.26436] sample matrix:
audio    D          kcm_mixer.c:127  _al_rechannel_matrix             [   0.26444] 
audio    D          kcm_mixer.c:127  _al_rechannel_matrix             [   0.26456] 
dtor     D               dtor.c:196  _al_register_destructor          [   0.26465] added dtor for sample_instance 0000025F0F403040, func 00007FFDF80C1226
audio    D          kcm_mixer.c:121  _al_rechannel_matrix             [   0.26474] sample matrix:
audio    D          kcm_mixer.c:127  _al_rechannel_matrix             [   0.26483] 
audio    D          kcm_mixer.c:127  _al_rechannel_matrix             [   0.26490] 
dtor     D               dtor.c:196  _al_register_destructor          [   0.26498] added dtor for sample_instance 0000025F0F403190, func 00007FFDF80C1226
audio    D          kcm_mixer.c:121  _al_rechannel_matrix             [   0.26506] sample matrix:
audio    D          kcm_mixer.c:127  _al_rechannel_matrix             [   0.26516] 
audio    D          kcm_mixer.c:127  _al_rechannel_matrix             [   0.26524] 
stdio    D         file_stdio.c:110  file_stdio_fopen                 [   0.26532] opening Shinji theme.mp3 rb
stdio    D         file_stdio.c:110  file_stdio_fopen                 [   0.26560] opening Shinji theme.mp3 rb
dtor     D               dtor.c:196  _al_register_destructor          [   1.17891] added dtor for sample 0000025F0F3F8A00, func 00007FFDF80C150F
audio    D          kcm_mixer.c:121  _al_rechannel_matrix             [   1.17930] sample matrix:
audio    D          kcm_mixer.c:127  _al_rechannel_matrix             [   1.17942]  0.707107 0.000000
audio    D          kcm_mixer.c:127  _al_rechannel_matrix             [   1.17951]  0.000000 0.707107
audio    D          kcm_mixer.c:121  _al_rechannel_matrix             [   1.17962] sample matrix:
audio    D          kcm_mixer.c:127  _al_rechannel_matrix             [   1.17984]  0.212132 0.000000
audio    D          kcm_mixer.c:127  _al_rechannel_matrix             [   1.17998]  0.000000 0.212132
stdio    D         file_stdio.c:110  file_stdio_fopen                 [   1.18010] opening Main_Ship.png rb
stdio    D         file_stdio.c:110  file_stdio_fopen                 [   1.18040] opening Main_Ship.png rb
d3d      D         d3d_disp.cpp:1197 real_choose_bitmap_format        [   1.18063] Fake format
d3d      D         d3d_disp.cpp:1197 real_choose_bitmap_format        [   1.18073] Fake format
d3d      D         d3d_disp.cpp:1197 real_choose_bitmap_format        [   1.18079] Fake format
d3d      D         d3d_disp.cpp:1197 real_choose_bitmap_format        [   1.18086] Fake format
d3d      D         d3d_disp.cpp:1197 real_choose_bitmap_format        [   1.18096] Fake format
d3d      D         d3d_disp.cpp:1197 real_choose_bitmap_format        [   1.18106] Fake format
d3d      D         d3d_disp.cpp:1197 real_choose_bitmap_format        [   1.18114] Fake format
d3d      D         d3d_disp.cpp:1197 real_choose_bitmap_format        [   1.18122] Fake format
d3d      D         d3d_disp.cpp:1197 real_choose_bitmap_format        [   1.18130] Fake format
d3d      D         d3d_disp.cpp:1205 real_choose_bitmap_format        [   1.18137] Alpha doesn't match
d3d      D         d3d_disp.cpp:1212 real_choose_bitmap_format        [   1.18144] Adapter format is 23
d3d      D         d3d_disp.cpp:1215 real_choose_bitmap_format        [   1.18152] Found a format
d3d      I         d3d_disp.cpp:2388 d3d_create_bitmap                [   1.18159] Chose bitmap format 9
dtor     D               dtor.c:196  _al_register_destructor          [   1.18195] added dtor for bitmap 0000025F0F401780, func 00007FFDC55F118B
d3d      D          d3d_bmp.cpp:539  _al_d3d_sync_bitmap              [   1.20284] _al_d3d_sync_bitmap (system) ref count == 1
d3d      D          d3d_bmp.cpp:545  _al_d3d_sync_bitmap              [   1.20304] _al_d3d_sync_bitmap (video) ref count == 1
d3d      D          d3d_bmp.cpp:539  _al_d3d_sync_bitmap              [   1.20436] _al_d3d_sync_bitmap (system) ref count == 1
d3d      D          d3d_bmp.cpp:545  _al_d3d_sync_bitmap              [   1.20462] _al_d3d_sync_bitmap (video) ref count == 1
